<?xml version="1.0" encoding="UTF-8"?>
<!-- Generated by org.testng.reporters.JUnitReportReporter -->
<testsuite hostname="LAPTOP-H4C68UEH" failures="0" tests="1" name="com.crm.DemoWebShop.gift" time="10.433" errors="0" timestamp="2024-05-28T19:54:28 IST" skipped="0">
  <testcase classname="com.crm.DemoWebShop.gift" name="main" time="10.433"/>
</testsuite> <!-- com.crm.DemoWebShop.gift -->
