<?xml version="1.0" encoding="UTF-8"?>
<!-- Generated by org.testng.reporters.JUnitReportReporter -->
<testsuite hostname="LAPTOP-H4C68UEH" failures="0" tests="1" name="com.crm.DemoWebShop.add" time="11.404" errors="0" timestamp="2024-05-28T12:31:14 IST" skipped="0">
  <testcase classname="com.crm.DemoWebShop.add" name="main" time="11.404"/>
</testsuite> <!-- com.crm.DemoWebShop.add -->
