<?xml version="1.0" encoding="UTF-8"?>
<!-- Generated by org.testng.reporters.JUnitReportReporter -->
<testsuite hostname="LAPTOP-H4C68UEH" failures="0" tests="1" name="com.crm.DemoWebShop.twitterlogin" time="4.368" errors="0" timestamp="2024-05-28T19:29:40 IST" skipped="0">
  <testcase classname="com.crm.DemoWebShop.twitterlogin" name="main" time="4.368"/>
</testsuite> <!-- com.crm.DemoWebShop.twitterlogin -->
