<?xml version="1.0" encoding="UTF-8"?>
<!-- Generated by org.testng.reporters.JUnitReportReporter -->
<testsuite hostname="LAPTOP-H4C68UEH" failures="0" tests="1" name="com.crm.DemoWebShop.register" time="2.842" errors="0" timestamp="2024-05-28T22:26:44 IST" skipped="0">
  <testcase classname="com.crm.DemoWebShop.register" name="main" time="2.842"/>
</testsuite> <!-- com.crm.DemoWebShop.register -->
