<?xml version="1.0" encoding="UTF-8"?>
<!-- Generated by org.testng.reporters.JUnitReportReporter -->
<testsuite hostname="LAPTOP-H4C68UEH" failures="0" tests="2" name="com.crm.DemoWebShop.login" time="7.641" errors="0" timestamp="2024-05-28T23:41:19 IST" skipped="0">
  <testcase classname="com.crm.DemoWebShop.login" name="main" time="4.533"/>
  <testcase classname="com.crm.DemoWebShop.login" name="main" time="3.108"/>
</testsuite> <!-- com.crm.DemoWebShop.login -->
