<?xml version="1.0" encoding="UTF-8"?>
<!-- Generated by org.testng.reporters.JUnitReportReporter -->
<testsuite hostname="LAPTOP-H4C68UEH" failures="0" tests="1" name="com.crm.DemoWebShop.registerdetails" time="13.391" errors="0" timestamp="2024-05-28T15:41:22 IST" skipped="0">
  <testcase classname="com.crm.DemoWebShop.registerdetails" name="main" time="13.391"/>
</testsuite> <!-- com.crm.DemoWebShop.registerdetails -->
